Start testing: Oct 02 13:06 EDT
----------------------------------------------------------
1/5 Testing: TutorialRuns
1/5 Test: TutorialRuns
Command: "/home/ubuntu/Documents/OpenSourceBlog/lab5/step3/build/Tutorial" "25"
Directory: /home/ubuntu/Documents/OpenSourceBlog/lab5/step3/build
"TutorialRuns" start time: Oct 02 13:06 EDT
Output:
----------------------------------------------------------
The square root of 25 is 5
<end of output>
Test time =   0.00 sec
----------------------------------------------------------
Test Passed.
"TutorialRuns" end time: Oct 02 13:06 EDT
"TutorialRuns" time elapsed: 00:00:00
----------------------------------------------------------

2/5 Testing: TutorialComp25
2/5 Test: TutorialComp25
Command: "/home/ubuntu/Documents/OpenSourceBlog/lab5/step3/build/Tutorial" "25"
Directory: /home/ubuntu/Documents/OpenSourceBlog/lab5/step3/build
"TutorialComp25" start time: Oct 02 13:06 EDT
Output:
----------------------------------------------------------
The square root of 25 is 5
<end of output>
Test time =   0.00 sec
----------------------------------------------------------
Test Pass Reason:
Required regular expression found.Regex=[25 is 5
]
"TutorialComp25" end time: Oct 02 13:06 EDT
"TutorialComp25" time elapsed: 00:00:00
----------------------------------------------------------

3/5 Testing: TutorialNegative
3/5 Test: TutorialNegative
Command: "/home/ubuntu/Documents/OpenSourceBlog/lab5/step3/build/Tutorial" "-25"
Directory: /home/ubuntu/Documents/OpenSourceBlog/lab5/step3/build
"TutorialNegative" start time: Oct 02 13:06 EDT
Output:
----------------------------------------------------------
The square root of -25 is -inf
<end of output>
Test time =   0.00 sec
----------------------------------------------------------
Test Fail Reason:
Required regular expression not found.Regex=[-25 is 0
]
"TutorialNegative" end time: Oct 02 13:06 EDT
"TutorialNegative" time elapsed: 00:00:00
----------------------------------------------------------

4/5 Testing: TutorialSmall
4/5 Test: TutorialSmall
Command: "/home/ubuntu/Documents/OpenSourceBlog/lab5/step3/build/Tutorial" "0.0001"
Directory: /home/ubuntu/Documents/OpenSourceBlog/lab5/step3/build
"TutorialSmall" start time: Oct 02 13:06 EDT
Output:
----------------------------------------------------------
The square root of 0.0001 is 0.01
<end of output>
Test time =   0.00 sec
----------------------------------------------------------
Test Pass Reason:
Required regular expression found.Regex=[0.0001 is 0.01
]
"TutorialSmall" end time: Oct 02 13:06 EDT
"TutorialSmall" time elapsed: 00:00:00
----------------------------------------------------------

5/5 Testing: TutorialUsage
5/5 Test: TutorialUsage
Command: "/home/ubuntu/Documents/OpenSourceBlog/lab5/step3/build/Tutorial"
Directory: /home/ubuntu/Documents/OpenSourceBlog/lab5/step3/build
"TutorialUsage" start time: Oct 02 13:06 EDT
Output:
----------------------------------------------------------
/home/ubuntu/Documents/OpenSourceBlog/lab5/step3/build/Tutorial Version 1.0
Usage: /home/ubuntu/Documents/OpenSourceBlog/lab5/step3/build/Tutorial number
<end of output>
Test time =   0.00 sec
----------------------------------------------------------
Test Pass Reason:
Required regular expression found.Regex=[Usage:.*number
]
"TutorialUsage" end time: Oct 02 13:06 EDT
"TutorialUsage" time elapsed: 00:00:00
----------------------------------------------------------

End testing: Oct 02 13:06 EDT
