Start testing: Oct 02 13:19 EDT
----------------------------------------------------------
1/2 Testing: TutorialComp25
1/2 Test: TutorialComp25
Command: "/home/ubuntu/Documents/OpenSourceBlog/lab5/step4/build/Tutorial" "25"
Directory: /home/ubuntu/Documents/OpenSourceBlog/lab5/step4/build
"TutorialComp25" start time: Oct 02 13:19 EDT
Output:
----------------------------------------------------------
The square root of 25 is 5
<end of output>
Test time =   0.00 sec
----------------------------------------------------------
Test Pass Reason:
Required regular expression found.Regex=[25 is 5
]
"TutorialComp25" end time: Oct 02 13:19 EDT
"TutorialComp25" time elapsed: 00:00:00
----------------------------------------------------------

2/2 Testing: TutorialComp-25
2/2 Test: TutorialComp-25
Command: "/home/ubuntu/Documents/OpenSourceBlog/lab5/step4/build/Tutorial" "-25"
Directory: /home/ubuntu/Documents/OpenSourceBlog/lab5/step4/build
"TutorialComp-25" start time: Oct 02 13:19 EDT
Output:
----------------------------------------------------------
The square root of -25 is -nan
<end of output>
Test time =   0.00 sec
----------------------------------------------------------
Test Fail Reason:
Required regular expression not found.Regex=[-25 is 0
]
"TutorialComp-25" end time: Oct 02 13:19 EDT
"TutorialComp-25" time elapsed: 00:00:00
----------------------------------------------------------

End testing: Oct 02 13:19 EDT
